TN:
SF:src/Challenge01.sol
DA:39,19
FN:39,Challlenge01.constructor
FNDA:19,Challlenge01.constructor
DA:40,19
DA:41,19
DA:44,1
FN:44,Challlenge01.name
FNDA:1,Challlenge01.name
DA:45,1
DA:48,1
FN:48,Challlenge01.symbol
FNDA:1,Challlenge01.symbol
DA:49,1
DA:52,1
FN:52,Challlenge01.decimals
FNDA:1,Challlenge01.decimals
DA:53,1
DA:56,6
FN:56,Challlenge01.totalSupply
FNDA:6,Challlenge01.totalSupply
DA:57,6
DA:60,1
FN:60,Challlenge01.balanceOf
FNDA:1,Challlenge01.balanceOf
DA:61,1
DA:64,4
FN:64,Challlenge01.transfer
FNDA:4,Challlenge01.transfer
DA:65,4
DA:66,4
DA:67,1
DA:70,1
FN:70,Challlenge01.allowance
FNDA:1,Challlenge01.allowance
DA:74,4
DA:77,8
FN:77,Challlenge01.approve
FNDA:8,Challlenge01.approve
DA:81,8
DA:82,8
DA:83,6
DA:86,5
FN:86,Challlenge01.transferFrom
FNDA:5,Challlenge01.transferFrom
DA:91,5
DA:92,5
DA:93,2
DA:94,0
DA:97,6
FN:97,Challlenge01._transfer
FNDA:6,Challlenge01._transfer
DA:98,6
BRDA:98,0,0,1
DA:99,5
BRDA:99,1,0,2
DA:101,3
DA:102,3
DA:103,2
BRDA:103,2,0,2
DA:105,1
DA:106,1
DA:108,1
DA:111,10
FN:111,Challlenge01._approve
FNDA:10,Challlenge01._approve
DA:112,10
BRDA:112,3,0,1
DA:113,9
BRDA:113,4,0,1
DA:115,8
DA:116,8
DA:119,5
FN:119,Challlenge01._spendAllowance
FNDA:5,Challlenge01._spendAllowance
DA:125,5
BRDA:125,5,0,1
DA:126,4
BRDA:126,6,0,1
DA:128,3
DA:129,3
BRDA:129,7,0,3
DA:130,3
DA:131,1
BRDA:131,8,0,1
DA:133,2
DA:138,0
FN:138,Challlenge01._mint
FNDA:0,Challlenge01._mint
DA:139,0
BRDA:139,9,0,-
DA:140,0
DA:141,0
DA:142,0
DA:145,0
FN:145,Challlenge01._burn
FNDA:0,Challlenge01._burn
DA:146,0
BRDA:146,10,0,-
DA:148,0
DA:149,0
DA:150,0
BRDA:150,11,0,-
DA:152,0
DA:153,0
DA:154,0
FNF:15
FNH:13
LF:63
LH:49
BRF:12
BRH:9
end_of_record
TN:
SF:src/Challenge02.sol
DA:51,17
FN:51,Challenge02.constructor
FNDA:17,Challenge02.constructor
DA:52,17
DA:53,17
DA:54,17
DA:62,7
FN:62,Challenge02.approve
FNDA:7,Challenge02.approve
DA:66,7
DA:67,7
BRDA:67,0,0,1
DA:68,6
BRDA:68,1,0,1
DA:69,5
DA:70,5
DA:71,5
DA:74,3
FN:74,Challenge02.transfer
FNDA:3,Challenge02.transfer
DA:78,3
DA:79,3
BRDA:79,2,0,1
DA:80,2
DA:81,2
DA:82,1
BRDA:82,3,0,1
DA:83,1
DA:86,1
DA:89,1
DA:91,1
DA:94,4
FN:94,Challenge02.transferFrom
FNDA:4,Challenge02.transferFrom
DA:99,4
BRDA:99,4,0,1
DA:100,3
BRDA:100,5,0,1
DA:101,2
DA:103,2
BRDA:103,6,0,2
DA:104,2
DA:105,1
BRDA:105,7,0,1
DA:110,1
DA:113,1
DA:114,1
BRDA:114,8,0,1
DA:115,0
DA:118,0
DA:121,0
DA:123,0
DA:126,0
FN:126,Challenge02._mint
FNDA:0,Challenge02._mint
DA:127,0
BRDA:127,9,0,-
DA:128,0
DA:131,0
DA:134,0
DA:137,0
FN:137,Challenge02._burn
FNDA:0,Challenge02._burn
DA:138,0
DA:139,0
BRDA:139,10,0,-
DA:140,0
DA:143,0
DA:146,0
DA:149,0
FN:149,Challenge02.mint
FNDA:0,Challenge02.mint
DA:150,0
DA:151,0
DA:154,0
FN:154,Challenge02.burn
FNDA:0,Challenge02.burn
DA:155,0
DA:156,0
FNF:8
FNH:4
LF:52
LH:31
BRF:11
BRH:9
end_of_record
TN:
SF:src/Challenge03.sol
DA:34,13
FN:34,Challenge03.constructor
FNDA:13,Challenge03.constructor
DA:35,13
DA:36,13
DA:37,13
DA:40,0
FN:40,Challenge03.burn
FNDA:0,Challenge03.burn
DA:41,0
BRDA:41,0,0,-
BRDA:41,0,1,-
DA:42,0
DA:43,0
BRDA:43,1,0,-
BRDA:43,1,1,-
DA:45,0
DA:46,0
DA:47,0
DA:50,4
FN:50,Challenge03.transfer
FNDA:4,Challenge03.transfer
DA:51,4
DA:52,1
DA:55,7
FN:55,Challenge03.approve
FNDA:7,Challenge03.approve
DA:56,7
DA:57,5
DA:60,4
FN:60,Challenge03.transferFrom
FNDA:4,Challenge03.transferFrom
DA:65,4
DA:66,2
DA:67,1
DA:70,1
FN:70,Challenge03.allowance
FNDA:1,Challenge03.allowance
DA:74,5
DA:77,2
FN:77,Challenge03.balanceOf
FNDA:2,Challenge03.balanceOf
DA:78,2
DA:81,1
FN:81,Challenge03.totalSupply
FNDA:1,Challenge03.totalSupply
DA:82,1
DA:85,7
FN:85,Challenge03._approve
FNDA:7,Challenge03._approve
DA:86,7
BRDA:86,2,0,1
BRDA:86,2,1,6
DA:87,6
BRDA:87,3,0,1
BRDA:87,3,1,5
DA:88,5
DA:89,5
DA:92,4
FN:92,Challenge03._spendAllowance
FNDA:4,Challenge03._spendAllowance
DA:97,4
DA:98,4
BRDA:98,4,0,4
DA:99,4
BRDA:99,5,0,2
BRDA:99,5,1,2
DA:103,2
DA:107,6
FN:107,Challenge03._transfer
FNDA:6,Challenge03._transfer
DA:108,6
BRDA:108,6,0,1
BRDA:108,6,1,5
DA:109,5
BRDA:109,7,0,2
BRDA:109,7,1,3
DA:110,3
DA:111,3
BRDA:111,8,0,1
BRDA:111,8,1,2
DA:113,2
DA:114,2
DA:115,2
DA:118,13
FN:118,Challenge03._mint
FNDA:13,Challenge03._mint
DA:119,13
DA:120,13
DA:121,13
FNF:12
FNH:11
LF:49
LH:42
BRF:17
BRH:13
end_of_record
TN:
SF:src/Challenge04.sol
DA:39,1
FN:39,Challenge04.totalSupply
FNDA:1,Challenge04.totalSupply
DA:40,1
DA:43,2
FN:43,Challenge04.balanceOf
FNDA:2,Challenge04.balanceOf
DA:44,2
DA:47,1
FN:47,Challenge04.allowance
FNDA:1,Challenge04.allowance
DA:51,4
DA:54,17
FN:54,Challenge04.constructor
FNDA:17,Challenge04.constructor
DA:55,17
DA:56,17
DA:57,17
DA:58,17
DA:61,2
FN:61,Challenge04.onlyOwner
FNDA:2,Challenge04.onlyOwner
DA:62,2
BRDA:62,0,0,-
BRDA:62,0,1,2
DA:66,2
FN:66,Challenge04.pause
FNDA:2,Challenge04.pause
DA:67,2
BRDA:67,1,0,-
BRDA:67,1,1,2
DA:68,2
DA:69,2
DA:72,2
FN:72,Challenge04.unpause
FNDA:2,Challenge04.unpause
DA:73,2
BRDA:73,2,0,1
BRDA:73,2,1,1
DA:74,1
DA:75,1
DA:78,5
FN:78,Challenge04.transfer
FNDA:5,Challenge04.transfer
DA:79,5
BRDA:79,3,0,1
BRDA:79,3,1,4
DA:80,4
DA:81,1
DA:84,8
FN:84,Challenge04.approve
FNDA:8,Challenge04.approve
DA:85,8
DA:86,6
DA:89,5
FN:89,Challenge04.transferFrom
FNDA:5,Challenge04.transferFrom
DA:94,5
BRDA:94,4,0,-
BRDA:94,4,1,5
DA:95,5
DA:96,2
DA:97,1
DA:100,6
FN:100,Challenge04._transfer
FNDA:6,Challenge04._transfer
DA:101,6
BRDA:101,5,0,1
BRDA:101,5,1,5
DA:103,5
BRDA:103,6,0,2
BRDA:103,6,1,3
DA:105,3
DA:106,3
BRDA:106,7,0,1
BRDA:106,7,1,2
DA:108,2
DA:109,2
DA:110,2
DA:113,8
FN:113,Challenge04._approve
FNDA:8,Challenge04._approve
DA:118,8
BRDA:118,8,0,1
BRDA:118,8,1,7
DA:122,7
BRDA:122,9,0,1
BRDA:122,9,1,6
DA:124,6
DA:125,6
DA:128,5
FN:128,Challenge04._spendAllowance
FNDA:5,Challenge04._spendAllowance
DA:133,5
BRDA:133,10,0,1
BRDA:133,10,1,4
DA:138,4
BRDA:138,11,0,1
BRDA:138,11,1,3
DA:140,3
DA:141,3
BRDA:141,12,0,3
DA:142,3
BRDA:142,13,0,1
BRDA:142,13,1,2
DA:146,2
DA:150,17
FN:150,Challenge04._mint
FNDA:17,Challenge04._mint
DA:151,17
BRDA:151,14,0,-
BRDA:151,14,1,17
DA:152,17
DA:153,17
DA:154,17
FNF:14
FNH:14
LF:58
LH:58
BRF:29
BRH:25
end_of_record
TN:
SF:src/Challenge05.sol
DA:32,0
FN:32,Challenge05.constructor
FNDA:0,Challenge05.constructor
DA:33,0
DA:34,0
DA:35,0
DA:38,0
FN:38,Challenge05.totalSupply
FNDA:0,Challenge05.totalSupply
DA:39,0
DA:42,0
FN:42,Challenge05.balanceOf
FNDA:0,Challenge05.balanceOf
DA:43,0
DA:46,0
FN:46,Challenge05.allowance
FNDA:0,Challenge05.allowance
DA:47,0
DA:50,0
FN:50,Challenge05.transfer
FNDA:0,Challenge05.transfer
DA:51,0
DA:52,0
DA:55,0
FN:55,Challenge05.approve
FNDA:0,Challenge05.approve
DA:56,0
DA:57,0
DA:60,0
FN:60,Challenge05.transferFrom
FNDA:0,Challenge05.transferFrom
DA:61,0
DA:62,0
DA:63,0
DA:66,0
FN:66,Challenge05._transfer
FNDA:0,Challenge05._transfer
DA:67,0
BRDA:67,0,0,-
BRDA:67,0,1,-
DA:68,0
DA:69,0
BRDA:69,1,0,-
BRDA:69,1,1,-
DA:71,0
DA:72,0
DA:73,0
DA:76,0
FN:76,Challenge05._approve
FNDA:0,Challenge05._approve
DA:77,0
BRDA:77,2,0,-
BRDA:77,2,1,-
DA:78,0
BRDA:78,3,0,-
BRDA:78,3,1,-
DA:79,0
DA:80,0
DA:83,0
FN:83,Challenge05._spendAllowance
FNDA:0,Challenge05._spendAllowance
DA:84,0
DA:85,0
BRDA:85,4,0,-
DA:86,0
BRDA:86,5,0,-
BRDA:86,5,1,-
DA:87,0
DA:91,0
FN:91,Challenge05._mint
FNDA:0,Challenge05._mint
DA:92,0
BRDA:92,6,0,-
BRDA:92,6,1,-
DA:93,0
DA:94,0
DA:95,0
FNF:11
FNH:0
LF:42
LH:0
BRF:13
BRH:0
end_of_record
TN:
SF:src/Challenge06.sol
DA:44,0
FN:44,Challenge06.onlyOwner
FNDA:0,Challenge06.onlyOwner
DA:45,0
BRDA:45,0,0,-
DA:49,0
FN:49,Challenge06.constructor
FNDA:0,Challenge06.constructor
DA:50,0
DA:51,0
DA:52,0
DA:53,0
DA:56,0
FN:56,Challenge06.addToBlacklist
FNDA:0,Challenge06.addToBlacklist
DA:57,0
DA:58,0
DA:61,0
FN:61,Challenge06.removeFromBlacklist
FNDA:0,Challenge06.removeFromBlacklist
DA:62,0
DA:63,0
DA:66,0
FN:66,Challenge06.transfer
FNDA:0,Challenge06.transfer
DA:67,0
BRDA:67,1,0,-
BRDA:67,1,1,-
DA:68,0
DA:69,0
DA:72,0
FN:72,Challenge06.approve
FNDA:0,Challenge06.approve
DA:73,0
DA:74,0
DA:77,0
FN:77,Challenge06.transferFrom
FNDA:0,Challenge06.transferFrom
DA:78,0
BRDA:78,2,0,-
BRDA:78,2,1,-
DA:79,0
DA:80,0
DA:81,0
DA:84,0
FN:84,Challenge06.balanceOf
FNDA:0,Challenge06.balanceOf
DA:85,0
DA:88,0
FN:88,Challenge06.allowance
FNDA:0,Challenge06.allowance
DA:89,0
DA:92,0
FN:92,Challenge06.totalSupply
FNDA:0,Challenge06.totalSupply
DA:93,0
DA:96,0
FN:96,Challenge06._transfer
FNDA:0,Challenge06._transfer
DA:97,0
BRDA:97,3,0,-
DA:98,0
BRDA:98,4,0,-
DA:100,0
DA:101,0
BRDA:101,5,0,-
DA:103,0
DA:104,0
DA:105,0
DA:108,0
FN:108,Challenge06._approve
FNDA:0,Challenge06._approve
DA:109,0
BRDA:109,6,0,-
DA:110,0
BRDA:110,7,0,-
DA:112,0
DA:113,0
DA:116,0
FN:116,Challenge06._spendAllowance
FNDA:0,Challenge06._spendAllowance
DA:117,0
DA:118,0
BRDA:118,8,0,-
DA:119,0
BRDA:119,9,0,-
BRDA:119,9,1,-
DA:120,0
DA:124,0
FN:124,Challenge06._mint
FNDA:0,Challenge06._mint
DA:125,0
BRDA:125,10,0,-
DA:126,0
DA:127,0
DA:128,0
FNF:14
FNH:0
LF:54
LH:0
BRF:14
BRH:0
end_of_record
TN:
SF:src/Challenge07.sol
DA:41,0
FN:41,Challenge07.constructor
FNDA:0,Challenge07.constructor
DA:42,0
DA:43,0
DA:44,0
DA:45,0
DA:48,0
FN:48,Challenge07.onlyOwner
FNDA:0,Challenge07.onlyOwner
DA:49,0
BRDA:49,0,0,-
DA:53,0
FN:53,Challenge07.name
FNDA:0,Challenge07.name
DA:54,0
DA:57,0
FN:57,Challenge07.symbol
FNDA:0,Challenge07.symbol
DA:58,0
DA:61,0
FN:61,Challenge07.decimals
FNDA:0,Challenge07.decimals
DA:62,0
DA:65,0
FN:65,Challenge07.totalSupply
FNDA:0,Challenge07.totalSupply
DA:66,0
DA:69,0
FN:69,Challenge07.balanceOf
FNDA:0,Challenge07.balanceOf
DA:70,0
DA:73,0
FN:73,Challenge07.allowance
FNDA:0,Challenge07.allowance
DA:74,0
DA:77,0
FN:77,Challenge07.approve
FNDA:0,Challenge07.approve
DA:78,0
DA:79,0
DA:82,0
FN:82,Challenge07.transfer
FNDA:0,Challenge07.transfer
DA:83,0
DA:84,0
DA:87,0
FN:87,Challenge07.transferFrom
FNDA:0,Challenge07.transferFrom
DA:88,0
DA:89,0
DA:90,0
DA:93,0
FN:93,Challenge07.mint
FNDA:0,Challenge07.mint
DA:94,0
DA:97,0
FN:97,Challenge07._transfer
FNDA:0,Challenge07._transfer
DA:98,0
BRDA:98,1,0,-
DA:99,0
BRDA:99,2,0,-
DA:101,0
DA:102,0
BRDA:102,3,0,-
DA:104,0
DA:105,0
DA:106,0
DA:109,0
FN:109,Challenge07._approve
FNDA:0,Challenge07._approve
DA:110,0
BRDA:110,4,0,-
DA:111,0
BRDA:111,5,0,-
DA:113,0
DA:114,0
DA:117,0
FN:117,Challenge07._spendAllowance
FNDA:0,Challenge07._spendAllowance
DA:118,0
DA:119,0
BRDA:119,6,0,-
DA:120,0
BRDA:120,7,0,-
BRDA:120,7,1,-
DA:121,0
DA:125,0
FN:125,Challenge07._mint
FNDA:0,Challenge07._mint
DA:126,0
BRDA:126,8,0,-
DA:127,0
DA:128,0
DA:129,0
FNF:16
FNH:0
LF:54
LH:0
BRF:10
BRH:0
end_of_record
TN:
SF:src/Challenge08.sol
DA:39,0
FN:39,Challenge08.constructor
FNDA:0,Challenge08.constructor
DA:40,0
DA:41,0
DA:42,0
DA:45,0
FN:45,Challenge08.name
FNDA:0,Challenge08.name
DA:46,0
DA:49,0
FN:49,Challenge08.symbol
FNDA:0,Challenge08.symbol
DA:50,0
DA:53,0
FN:53,Challenge08.decimals
FNDA:0,Challenge08.decimals
DA:54,0
DA:57,0
FN:57,Challenge08.totalSupply
FNDA:0,Challenge08.totalSupply
DA:58,0
DA:61,0
FN:61,Challenge08.balanceOf
FNDA:0,Challenge08.balanceOf
DA:62,0
DA:65,0
FN:65,Challenge08.allowance
FNDA:0,Challenge08.allowance
DA:66,0
DA:69,0
FN:69,Challenge08.approve
FNDA:0,Challenge08.approve
DA:70,0
DA:71,0
DA:74,0
FN:74,Challenge08.transfer
FNDA:0,Challenge08.transfer
DA:75,0
DA:76,0
DA:79,0
FN:79,Challenge08.transferFrom
FNDA:0,Challenge08.transferFrom
DA:80,0
DA:81,0
DA:82,0
DA:85,0
FN:85,Challenge08.burn
FNDA:0,Challenge08.burn
DA:86,0
DA:87,0
DA:90,0
FN:90,Challenge08._transfer
FNDA:0,Challenge08._transfer
DA:91,0
BRDA:91,0,0,-
DA:92,0
BRDA:92,1,0,-
DA:94,0
DA:95,0
BRDA:95,2,0,-
DA:97,0
DA:98,0
DA:99,0
DA:102,0
FN:102,Challenge08._approve
FNDA:0,Challenge08._approve
DA:103,0
BRDA:103,3,0,-
DA:104,0
BRDA:104,4,0,-
DA:106,0
DA:109,0
FN:109,Challenge08._spendAllowance
FNDA:0,Challenge08._spendAllowance
DA:110,0
DA:111,0
BRDA:111,5,0,-
DA:112,0
BRDA:112,6,0,-
BRDA:112,6,1,-
DA:113,0
DA:117,0
FN:117,Challenge08._mint
FNDA:0,Challenge08._mint
DA:118,0
BRDA:118,7,0,-
DA:119,0
DA:120,0
DA:121,0
FNF:15
FNH:0
LF:51
LH:0
BRF:9
BRH:0
end_of_record
TN:
SF:src/Challenge09.sol
DA:38,0
FN:38,Challenge09.constructor
FNDA:0,Challenge09.constructor
DA:39,0
DA:42,0
FN:42,Challenge09.balanceOf
FNDA:0,Challenge09.balanceOf
DA:43,0
DA:46,0
FN:46,Challenge09.totalSupply
FNDA:0,Challenge09.totalSupply
DA:47,0
DA:50,0
FN:50,Challenge09.allowance
FNDA:0,Challenge09.allowance
DA:51,0
DA:54,0
FN:54,Challenge09.approve
FNDA:0,Challenge09.approve
DA:55,0
DA:56,0
DA:57,0
DA:60,0
FN:60,Challenge09.transfer
FNDA:0,Challenge09.transfer
DA:62,0
DA:64,0
DA:65,0
DA:66,0
DA:69,0
FN:69,Challenge09.transferFrom
FNDA:0,Challenge09.transferFrom
DA:70,0
DA:71,0
BRDA:71,0,0,-
DA:72,0
BRDA:72,1,0,-
BRDA:72,1,1,-
DA:73,0
DA:76,0
DA:77,0
BRDA:77,2,0,-
BRDA:77,2,1,-
DA:78,0
DA:80,0
DA:81,0
DA:82,0
DA:85,0
FN:85,Challenge09._mint
FNDA:0,Challenge09._mint
DA:86,0
DA:87,0
DA:88,0
DA:91,0
FN:91,Challenge09._burn
FNDA:0,Challenge09._burn
DA:92,0
DA:95,0
DA:98,0
FNF:9
FNH:0
LF:36
LH:0
BRF:5
BRH:0
end_of_record
TN:
SF:src/Challenge10.sol
DA:36,0
FN:36,Challenge10.constructor
FNDA:0,Challenge10.constructor
DA:37,0
DA:38,0
DA:39,0
DA:40,0
DA:41,0
DA:44,0
FN:44,Challenge10.onlyOwner
FNDA:0,Challenge10.onlyOwner
DA:49,0
FN:49,Challenge10.name
FNDA:0,Challenge10.name
DA:50,0
DA:53,0
FN:53,Challenge10.symbol
FNDA:0,Challenge10.symbol
DA:54,0
DA:57,0
FN:57,Challenge10.decimals
FNDA:0,Challenge10.decimals
DA:58,0
DA:61,0
FN:61,Challenge10.totalSupply
FNDA:0,Challenge10.totalSupply
DA:62,0
DA:65,0
FN:65,Challenge10.balanceOf
FNDA:0,Challenge10.balanceOf
DA:66,0
DA:69,0
FN:69,Challenge10.transfer
FNDA:0,Challenge10.transfer
DA:70,0
DA:71,0
DA:72,0
DA:75,0
FN:75,Challenge10.allowance
FNDA:0,Challenge10.allowance
DA:76,0
DA:79,0
FN:79,Challenge10.approve
FNDA:0,Challenge10.approve
DA:80,0
DA:81,0
DA:82,0
DA:85,0
FN:85,Challenge10.transferFrom
FNDA:0,Challenge10.transferFrom
DA:86,0
DA:87,0
DA:88,0
DA:89,0
DA:92,0
FN:92,Challenge10.increaseAllowance
FNDA:0,Challenge10.increaseAllowance
DA:93,0
DA:94,0
DA:95,0
DA:98,0
FN:98,Challenge10.decreaseAllowance
FNDA:0,Challenge10.decreaseAllowance
DA:99,0
DA:100,0
DA:101,0
BRDA:101,0,0,-
BRDA:101,0,1,-
DA:103,0
DA:105,0
DA:108,0
FN:108,Challenge10.mint
FNDA:0,Challenge10.mint
DA:109,0
DA:112,0
FN:112,Challenge10.burn
FNDA:0,Challenge10.burn
DA:113,0
DA:116,0
FN:116,Challenge10.transferOwnership
FNDA:0,Challenge10.transferOwnership
DA:117,0
BRDA:117,1,0,-
BRDA:117,1,1,-
DA:118,0
DA:121,0
FN:121,Challenge10.renounceOwnership
FNDA:0,Challenge10.renounceOwnership
DA:122,0
DA:125,0
FN:125,Challenge10._transfer
FNDA:0,Challenge10._transfer
DA:126,0
BRDA:126,2,0,-
BRDA:126,2,1,-
DA:127,0
BRDA:127,3,0,-
BRDA:127,3,1,-
DA:129,0
DA:130,0
BRDA:130,4,0,-
BRDA:130,4,1,-
DA:132,0
DA:133,0
DA:136,0
DA:139,0
FN:139,Challenge10._mint
FNDA:0,Challenge10._mint
DA:140,0
BRDA:140,5,0,-
BRDA:140,5,1,-
DA:142,0
DA:144,0
DA:146,0
DA:149,0
FN:149,Challenge10._burn
FNDA:0,Challenge10._burn
DA:150,0
BRDA:150,6,0,-
BRDA:150,6,1,-
DA:152,0
DA:153,0
BRDA:153,7,0,-
BRDA:153,7,1,-
DA:155,0
DA:156,0
DA:159,0
DA:162,0
FN:162,Challenge10._approve
FNDA:0,Challenge10._approve
DA:163,0
BRDA:163,8,0,-
BRDA:163,8,1,-
DA:164,0
BRDA:164,9,0,-
BRDA:164,9,1,-
DA:166,0
DA:167,0
DA:170,0
FN:170,Challenge10._spendAllowance
FNDA:0,Challenge10._spendAllowance
DA:171,0
DA:172,0
BRDA:172,10,0,-
DA:173,0
BRDA:173,11,0,-
BRDA:173,11,1,-
DA:174,0
DA:178,0
FN:178,Challenge10._transferOwnership
FNDA:0,Challenge10._transferOwnership
DA:179,0
DA:180,0
DA:181,0
FNF:23
FNH:0
LF:85
LH:0
BRF:23
BRH:0
end_of_record
TN:
SF:src/Challenge11.sol
DA:35,0
FN:35,Challenge11.constructor
FNDA:0,Challenge11.constructor
DA:36,0
DA:37,0
DA:38,0
DA:41,0
FN:41,Challenge11.name
FNDA:0,Challenge11.name
DA:42,0
DA:45,0
FN:45,Challenge11.symbol
FNDA:0,Challenge11.symbol
DA:46,0
DA:49,0
FN:49,Challenge11.decimals
FNDA:0,Challenge11.decimals
DA:50,0
DA:53,0
FN:53,Challenge11.totalSupply
FNDA:0,Challenge11.totalSupply
DA:54,0
DA:57,0
FN:57,Challenge11.balanceOf
FNDA:0,Challenge11.balanceOf
DA:58,0
DA:61,0
FN:61,Challenge11.transfer
FNDA:0,Challenge11.transfer
DA:62,0
DA:63,0
DA:66,0
FN:66,Challenge11.allowance
FNDA:0,Challenge11.allowance
DA:67,0
DA:70,0
FN:70,Challenge11.approve
FNDA:0,Challenge11.approve
DA:71,0
DA:72,0
DA:75,0
FN:75,Challenge11.transferFrom
FNDA:0,Challenge11.transferFrom
DA:76,0
DA:77,0
DA:78,0
BRDA:78,0,0,-
BRDA:78,0,1,-
DA:79,0
DA:80,0
DA:83,0
FN:83,Challenge11.increaseAllowance
FNDA:0,Challenge11.increaseAllowance
DA:84,0
DA:85,0
DA:88,0
FN:88,Challenge11.decreaseAllowance
FNDA:0,Challenge11.decreaseAllowance
DA:89,0
DA:90,0
BRDA:90,1,0,-
BRDA:90,1,1,-
DA:92,0
DA:94,0
DA:97,0
FN:97,Challenge11._transfer
FNDA:0,Challenge11._transfer
DA:98,0
BRDA:98,2,0,-
BRDA:98,2,1,-
DA:99,0
BRDA:99,3,0,-
BRDA:99,3,1,-
DA:101,0
DA:102,0
BRDA:102,4,0,-
BRDA:102,4,1,-
DA:104,0
DA:105,0
DA:108,0
DA:111,0
FN:111,Challenge11._approve
FNDA:0,Challenge11._approve
DA:112,0
BRDA:112,5,0,-
BRDA:112,5,1,-
DA:113,0
BRDA:113,6,0,-
BRDA:113,6,1,-
DA:115,0
DA:116,0
DA:119,0
FN:119,Challenge11._mint
FNDA:0,Challenge11._mint
DA:120,0
BRDA:120,7,0,-
BRDA:120,7,1,-
DA:122,0
DA:124,0
DA:126,0
DA:129,0
FN:129,Challenge11._burn
FNDA:0,Challenge11._burn
DA:130,0
BRDA:130,8,0,-
BRDA:130,8,1,-
DA:132,0
DA:133,0
BRDA:133,9,0,-
BRDA:133,9,1,-
DA:135,0
DA:136,0
DA:139,0
FNF:16
FNH:0
LF:61
LH:0
BRF:20
BRH:0
end_of_record
TN:
SF:src/Challenge12.sol
DA:40,0
FN:40,Challenge12.onlyOwner
FNDA:0,Challenge12.onlyOwner
DA:41,0
BRDA:41,0,0,-
BRDA:41,0,1,-
DA:45,0
FN:45,Challenge12.constructor
FNDA:0,Challenge12.constructor
DA:46,0
DA:47,0
DA:48,0
DA:49,0
DA:52,0
FN:52,Challenge12.approve
FNDA:0,Challenge12.approve
DA:53,0
DA:55,0
DA:57,0
DA:60,0
FN:60,Challenge12.transfer
FNDA:0,Challenge12.transfer
DA:61,0
DA:64,0
DA:67,0
DA:69,0
DA:72,0
FN:72,Challenge12.transferFrom
FNDA:0,Challenge12.transferFrom
DA:73,0
DA:75,0
BRDA:75,1,0,-
DA:77,0
DA:80,0
DA:83,0
DA:85,0
DA:88,0
FN:88,Challenge12.gift
FNDA:0,Challenge12.gift
DA:89,0
DA:91,0
DA:95,0
FN:95,Challenge12._mint
FNDA:0,Challenge12._mint
DA:96,0
DA:99,0
DA:102,0
DA:105,0
FN:105,Challenge12._burn
FNDA:0,Challenge12._burn
DA:106,0
DA:109,0
DA:112,0
FNF:8
FNH:0
LF:34
LH:0
BRF:3
BRH:0
end_of_record
TN:
SF:src/Challenge13.sol
DA:37,0
FN:37,Challenge13.constructor
FNDA:0,Challenge13.constructor
DA:38,0
DA:39,0
DA:40,0
DA:43,0
FN:43,Challenge13.approve
FNDA:0,Challenge13.approve
DA:44,0
DA:46,0
DA:48,0
DA:51,0
FN:51,Challenge13.transfer
FNDA:0,Challenge13.transfer
DA:52,0
DA:55,0
DA:58,0
DA:60,0
DA:63,0
FN:63,Challenge13.transferFrom
FNDA:0,Challenge13.transferFrom
DA:64,0
DA:66,0
BRDA:66,0,0,-
DA:68,0
DA:71,0
DA:74,0
DA:76,0
DA:79,0
FN:79,Challenge13._mint
FNDA:0,Challenge13._mint
DA:80,0
DA:83,0
DA:86,0
DA:89,0
FN:89,Challenge13._burn
FNDA:0,Challenge13._burn
DA:90,0
DA:93,0
DA:96,0
FNF:6
FNH:0
LF:28
LH:0
BRF:1
BRH:0
end_of_record
TN:
SF:src/Challenge14.sol
DA:38,0
FN:38,Challenge14.constructor
FNDA:0,Challenge14.constructor
DA:39,0
DA:40,0
DA:41,0
DA:44,0
FN:44,Challenge14.approve
FNDA:0,Challenge14.approve
DA:45,0
DA:47,0
DA:49,0
DA:52,0
FN:52,Challenge14.transfer
FNDA:0,Challenge14.transfer
DA:53,0
DA:56,0
DA:59,0
DA:61,0
DA:64,0
FN:64,Challenge14.transferFrom
FNDA:0,Challenge14.transferFrom
DA:65,0
DA:67,0
BRDA:67,0,0,-
DA:69,0
DA:72,0
DA:75,0
DA:77,0
DA:80,0
FN:80,Challenge14._mint
FNDA:0,Challenge14._mint
DA:81,0
DA:84,0
DA:87,0
DA:90,0
FN:90,Challenge14._burn
FNDA:0,Challenge14._burn
DA:91,0
DA:94,0
DA:97,0
FNF:6
FNH:0
LF:28
LH:0
BRF:1
BRH:0
end_of_record
TN:
SF:src/Challenge15.sol
DA:38,0
FN:38,Challenge15.constructor
FNDA:0,Challenge15.constructor
DA:39,0
DA:40,0
DA:41,0
DA:44,0
FN:44,Challenge15.approve
FNDA:0,Challenge15.approve
DA:45,0
DA:47,0
DA:49,0
DA:52,0
FN:52,Challenge15.transfer
FNDA:0,Challenge15.transfer
DA:53,0
DA:56,0
DA:59,0
DA:61,0
DA:64,0
FN:64,Challenge15.transferFrom
FNDA:0,Challenge15.transferFrom
DA:65,0
DA:67,0
BRDA:67,0,0,-
DA:69,0
DA:72,0
DA:75,0
DA:77,0
DA:80,0
FN:80,Challenge15._mint
FNDA:0,Challenge15._mint
DA:81,0
DA:83,0
DA:86,0
FN:86,Challenge15._burn
FNDA:0,Challenge15._burn
DA:87,0
DA:90,0
DA:93,0
FNF:6
FNH:0
LF:27
LH:0
BRF:1
BRH:0
end_of_record
TN:
SF:src/Challenge16.sol
DA:35,0
FN:35,Challenge16.constructor
FNDA:0,Challenge16.constructor
DA:36,0
DA:37,0
DA:38,0
DA:41,0
FN:41,Challenge16.name
FNDA:0,Challenge16.name
DA:42,0
DA:45,0
FN:45,Challenge16.symbol
FNDA:0,Challenge16.symbol
DA:46,0
DA:49,0
FN:49,Challenge16.decimals
FNDA:0,Challenge16.decimals
DA:50,0
DA:53,0
FN:53,Challenge16.totalSupply
FNDA:0,Challenge16.totalSupply
DA:54,0
DA:57,0
FN:57,Challenge16.balanceOf
FNDA:0,Challenge16.balanceOf
DA:58,0
DA:61,0
FN:61,Challenge16.transfer
FNDA:0,Challenge16.transfer
DA:62,0
DA:63,0
DA:66,0
FN:66,Challenge16.allowance
FNDA:0,Challenge16.allowance
DA:67,0
DA:70,0
FN:70,Challenge16.approve
FNDA:0,Challenge16.approve
DA:71,0
DA:72,0
DA:75,0
FN:75,Challenge16.transferFrom
FNDA:0,Challenge16.transferFrom
DA:76,0
DA:77,0
DA:78,0
DA:81,0
FN:81,Challenge16.increaseAllowance
FNDA:0,Challenge16.increaseAllowance
DA:82,0
DA:83,0
DA:86,0
FN:86,Challenge16.decreaseAllowance
FNDA:0,Challenge16.decreaseAllowance
DA:87,0
DA:88,0
BRDA:88,0,0,-
BRDA:88,0,1,-
DA:90,0
DA:92,0
DA:95,0
FN:95,Challenge16._transfer
FNDA:0,Challenge16._transfer
DA:96,0
BRDA:96,1,0,-
BRDA:96,1,1,-
DA:97,0
BRDA:97,2,0,-
BRDA:97,2,1,-
DA:99,0
DA:100,0
BRDA:100,3,0,-
BRDA:100,3,1,-
DA:102,0
DA:103,0
DA:106,0
DA:109,0
FN:109,Challenge16._approve
FNDA:0,Challenge16._approve
DA:110,0
BRDA:110,4,0,-
BRDA:110,4,1,-
DA:111,0
BRDA:111,5,0,-
BRDA:111,5,1,-
DA:113,0
DA:114,0
DA:117,0
FN:117,Challenge16._mint
FNDA:0,Challenge16._mint
DA:118,0
BRDA:118,6,0,-
BRDA:118,6,1,-
DA:120,0
DA:122,0
DA:124,0
DA:127,0
FN:127,Challenge16._burn
FNDA:0,Challenge16._burn
DA:128,0
BRDA:128,7,0,-
BRDA:128,7,1,-
DA:130,0
DA:131,0
BRDA:131,8,0,-
BRDA:131,8,1,-
DA:133,0
DA:134,0
DA:137,0
DA:140,0
FN:140,Challenge16._spendAllowance
FNDA:0,Challenge16._spendAllowance
DA:141,0
DA:142,0
BRDA:142,9,0,-
DA:143,0
BRDA:143,10,0,-
BRDA:143,10,1,-
DA:145,0
FNF:17
FNH:0
LF:64
LH:0
BRF:21
BRH:0
end_of_record
TN:
SF:src/Challenge17.sol
DA:35,0
FN:35,Challenge17.constructor
FNDA:0,Challenge17.constructor
DA:36,0
DA:37,0
DA:38,0
DA:41,0
FN:41,Challenge17.name
FNDA:0,Challenge17.name
DA:42,0
DA:45,0
FN:45,Challenge17.symbol
FNDA:0,Challenge17.symbol
DA:46,0
DA:49,0
FN:49,Challenge17.decimals
FNDA:0,Challenge17.decimals
DA:50,0
DA:53,0
FN:53,Challenge17.totalSupply
FNDA:0,Challenge17.totalSupply
DA:54,0
DA:57,0
FN:57,Challenge17.balanceOf
FNDA:0,Challenge17.balanceOf
DA:58,0
DA:61,0
FN:61,Challenge17.transfer
FNDA:0,Challenge17.transfer
DA:62,0
DA:63,0
DA:66,0
FN:66,Challenge17.allowance
FNDA:0,Challenge17.allowance
DA:67,0
DA:70,0
FN:70,Challenge17.approve
FNDA:0,Challenge17.approve
DA:71,0
DA:72,0
DA:75,0
FN:75,Challenge17.transferFrom
FNDA:0,Challenge17.transferFrom
DA:76,0
DA:77,0
DA:78,0
DA:81,0
FN:81,Challenge17.increaseAllowance
FNDA:0,Challenge17.increaseAllowance
DA:82,0
DA:83,0
DA:86,0
FN:86,Challenge17.decreaseAllowance
FNDA:0,Challenge17.decreaseAllowance
DA:87,0
DA:88,0
BRDA:88,0,0,-
BRDA:88,0,1,-
DA:90,0
DA:92,0
DA:95,0
FN:95,Challenge17._transfer
FNDA:0,Challenge17._transfer
DA:96,0
BRDA:96,1,0,-
BRDA:96,1,1,-
DA:97,0
BRDA:97,2,0,-
BRDA:97,2,1,-
DA:99,0
DA:100,0
BRDA:100,3,0,-
BRDA:100,3,1,-
DA:102,0
DA:103,0
DA:105,0
DA:108,0
FN:108,Challenge17._approve
FNDA:0,Challenge17._approve
DA:109,0
BRDA:109,4,0,-
BRDA:109,4,1,-
DA:110,0
BRDA:110,5,0,-
BRDA:110,5,1,-
DA:112,0
DA:113,0
DA:116,0
FN:116,Challenge17._spendAllowance
FNDA:0,Challenge17._spendAllowance
DA:117,0
DA:118,0
BRDA:118,6,0,-
DA:119,0
BRDA:119,7,0,-
BRDA:119,7,1,-
DA:120,0
DA:124,0
FN:124,Challenge17._mint
FNDA:0,Challenge17._mint
DA:125,0
BRDA:125,8,0,-
BRDA:125,8,1,-
DA:127,0
DA:129,0
DA:131,0
DA:134,0
FN:134,Challenge17._burn
FNDA:0,Challenge17._burn
DA:135,0
BRDA:135,9,0,-
BRDA:135,9,1,-
DA:137,0
DA:138,0
BRDA:138,10,0,-
BRDA:138,10,1,-
DA:140,0
DA:141,0
DA:144,0
FNF:17
FNH:0
LF:64
LH:0
BRF:21
BRH:0
end_of_record
TN:
SF:src/Challenge18.sol
DA:35,0
FN:35,Challenge18.constructor
FNDA:0,Challenge18.constructor
DA:36,0
DA:37,0
DA:38,0
DA:41,0
FN:41,Challenge18.name
FNDA:0,Challenge18.name
DA:42,0
DA:45,0
FN:45,Challenge18.symbol
FNDA:0,Challenge18.symbol
DA:46,0
DA:49,0
FN:49,Challenge18.decimals
FNDA:0,Challenge18.decimals
DA:50,0
DA:53,0
FN:53,Challenge18.totalSupply
FNDA:0,Challenge18.totalSupply
DA:54,0
DA:57,0
FN:57,Challenge18.balanceOf
FNDA:0,Challenge18.balanceOf
DA:58,0
DA:61,0
FN:61,Challenge18.transfer
FNDA:0,Challenge18.transfer
DA:62,0
DA:63,0
DA:66,0
FN:66,Challenge18.allowance
FNDA:0,Challenge18.allowance
DA:67,0
DA:70,0
FN:70,Challenge18.approve
FNDA:0,Challenge18.approve
DA:71,0
DA:72,0
DA:75,0
FN:75,Challenge18.transferFrom
FNDA:0,Challenge18.transferFrom
DA:76,0
DA:77,0
DA:78,0
DA:81,0
FN:81,Challenge18.increaseAllowance
FNDA:0,Challenge18.increaseAllowance
DA:82,0
DA:83,0
DA:86,0
FN:86,Challenge18.decreaseAllowance
FNDA:0,Challenge18.decreaseAllowance
DA:87,0
DA:88,0
BRDA:88,0,0,-
BRDA:88,0,1,-
DA:90,0
DA:92,0
DA:95,0
FN:95,Challenge18._transfer
FNDA:0,Challenge18._transfer
DA:96,0
BRDA:96,1,0,-
BRDA:96,1,1,-
DA:97,0
BRDA:97,2,0,-
BRDA:97,2,1,-
DA:99,0
DA:100,0
BRDA:100,3,0,-
BRDA:100,3,1,-
DA:102,0
DA:103,0
DA:106,0
DA:109,0
FN:109,Challenge18._approve
FNDA:0,Challenge18._approve
DA:110,0
BRDA:110,4,0,-
BRDA:110,4,1,-
DA:111,0
BRDA:111,5,0,-
BRDA:111,5,1,-
DA:113,0
DA:114,0
DA:117,0
FN:117,Challenge18._spendAllowance
FNDA:0,Challenge18._spendAllowance
DA:118,0
DA:119,0
BRDA:119,6,0,-
DA:120,0
BRDA:120,7,0,-
BRDA:120,7,1,-
DA:121,0
DA:125,0
FN:125,Challenge18._mint
FNDA:0,Challenge18._mint
DA:126,0
BRDA:126,8,0,-
BRDA:126,8,1,-
DA:129,0
DA:131,0
DA:134,0
FN:134,Challenge18._burn
FNDA:0,Challenge18._burn
DA:135,0
BRDA:135,9,0,-
BRDA:135,9,1,-
DA:137,0
DA:138,0
BRDA:138,10,0,-
BRDA:138,10,1,-
DA:140,0
DA:141,0
DA:144,0
FNF:17
FNH:0
LF:63
LH:0
BRF:21
BRH:0
end_of_record
TN:
SF:src/Challenge19.sol
DA:34,0
FN:34,Challenge19.constructor
FNDA:0,Challenge19.constructor
DA:35,0
DA:36,0
DA:37,0
DA:40,0
FN:40,Challenge19.name
FNDA:0,Challenge19.name
DA:41,0
DA:44,0
FN:44,Challenge19.symbol
FNDA:0,Challenge19.symbol
DA:45,0
DA:48,0
FN:48,Challenge19.decimals
FNDA:0,Challenge19.decimals
DA:49,0
DA:52,0
FN:52,Challenge19.totalSupply
FNDA:0,Challenge19.totalSupply
DA:53,0
DA:56,0
FN:56,Challenge19.balanceOf
FNDA:0,Challenge19.balanceOf
DA:57,0
DA:60,0
FN:60,Challenge19.transfer
FNDA:0,Challenge19.transfer
DA:61,0
DA:62,0
DA:65,0
FN:65,Challenge19.allowance
FNDA:0,Challenge19.allowance
DA:66,0
DA:69,0
FN:69,Challenge19.approve
FNDA:0,Challenge19.approve
DA:70,0
DA:71,0
DA:74,0
FN:74,Challenge19.transferFrom
FNDA:0,Challenge19.transferFrom
DA:75,0
DA:76,0
DA:77,0
DA:80,0
FN:80,Challenge19.increaseAllowance
FNDA:0,Challenge19.increaseAllowance
DA:81,0
DA:82,0
DA:85,0
FN:85,Challenge19.decreaseAllowance
FNDA:0,Challenge19.decreaseAllowance
DA:86,0
DA:87,0
BRDA:87,0,0,-
BRDA:87,0,1,-
DA:89,0
DA:91,0
DA:94,0
FN:94,Challenge19._transfer
FNDA:0,Challenge19._transfer
DA:95,0
BRDA:95,1,0,-
BRDA:95,1,1,-
DA:96,0
BRDA:96,2,0,-
BRDA:96,2,1,-
DA:98,0
DA:99,0
DA:101,0
DA:103,0
BRDA:103,3,0,-
BRDA:103,3,1,-
DA:106,0
DA:108,0
BRDA:108,4,0,-
DA:109,0
DA:112,0
DA:115,0
DA:117,0
DA:120,0
FN:120,Challenge19._approve
FNDA:0,Challenge19._approve
DA:121,0
BRDA:121,5,0,-
BRDA:121,5,1,-
DA:122,0
BRDA:122,6,0,-
BRDA:122,6,1,-
DA:124,0
DA:125,0
DA:128,0
FN:128,Challenge19._spendAllowance
FNDA:0,Challenge19._spendAllowance
DA:129,0
DA:130,0
BRDA:130,7,0,-
DA:131,0
BRDA:131,8,0,-
BRDA:131,8,1,-
DA:132,0
DA:136,0
FN:136,Challenge19._mint
FNDA:0,Challenge19._mint
DA:137,0
BRDA:137,9,0,-
BRDA:137,9,1,-
DA:139,0
DA:141,0
DA:143,0
DA:146,0
FN:146,Challenge19._burn
FNDA:0,Challenge19._burn
DA:147,0
BRDA:147,10,0,-
BRDA:147,10,1,-
DA:149,0
DA:150,0
BRDA:150,11,0,-
BRDA:150,11,1,-
DA:152,0
DA:153,0
DA:156,0
DA:159,0
FN:159,Challenge19._beforeTokenTransfer
FNDA:0,Challenge19._beforeTokenTransfer
DA:161,0
FN:161,Challenge19._afterTokenTransfer
FNDA:0,Challenge19._afterTokenTransfer
FNF:19
FNH:0
LF:71
LH:0
BRF:22
BRH:0
end_of_record
TN:
SF:src/Challenge20.sol
DA:37,0
FN:37,Challenge20.constructor
FNDA:0,Challenge20.constructor
DA:38,0
DA:39,0
DA:40,0
DA:43,0
FN:43,Challenge20.approve
FNDA:0,Challenge20.approve
DA:44,0
DA:46,0
DA:48,0
DA:51,0
FN:51,Challenge20.transfer
FNDA:0,Challenge20.transfer
DA:52,0
DA:55,0
DA:58,0
DA:60,0
DA:63,0
FN:63,Challenge20.transferFrom
FNDA:0,Challenge20.transferFrom
DA:64,0
DA:66,0
BRDA:66,0,0,-
DA:68,0
DA:71,0
DA:74,0
DA:76,0
DA:79,0
FN:79,Challenge20._mint
FNDA:0,Challenge20._mint
DA:80,0
DA:83,0
DA:86,0
DA:89,0
FN:89,Challenge20._burn
FNDA:0,Challenge20._burn
DA:90,0
DA:93,0
DA:96,0
FNF:6
FNH:0
LF:28
LH:0
BRF:1
BRH:0
end_of_record
